Build started 2016-10-06 오후 5:12:37.
     1>Project "C:\capstone\Blinkdetect\Blinkdetect\Blinkdetect.vcxproj" on node 2 (Build target(s)).
     1>ClCompile:
         C:\Program Files (x86)\Microsoft Visual Studio 12.0\VC\bin\x86_amd64\CL.exe /c /IC:\Ceemple\OpenCV4VS\include /Zi /nologo /W3 /WX- /sdl /Od /D _MBCS /Gm /EHsc /RTC1 /MDd /GS /fp:precise /Zc:wchar_t /Zc:forScope /Fo"x64\Debug\\" /Fd"x64\Debug\vc120.pdb" /Gd /TP /errorReport:prompt main.cpp
         main.cpp
     1>C:\Ceemple\OpenCV4VS\include\opencv2/core/mat.hpp(1958): warning C4819: The file contains a character that cannot be represented in the current code page (949). Save the file in Unicode format to prevent data loss
     1>C:\Ceemple\OpenCV4VS\include\opencv2/core/persistence.hpp : warning C4819: The file contains a character that cannot be represented in the current code page (949). Save the file in Unicode format to prevent data loss
     1>C:\Ceemple\OpenCV4VS\include\opencv2/core/utility.hpp : warning C4819: The file contains a character that cannot be represented in the current code page (949). Save the file in Unicode format to prevent data loss
     1>c:\capstone\blinkdetect\blinkdetect\constants.h(12): warning C4305: 'initializing' : truncation from 'double' to 'const float'
     1>c:\capstone\blinkdetect\blinkdetect\constants.h(21): warning C4305: 'initializing' : truncation from 'double' to 'const float'
     1>main.cpp(72): warning C4244: 'argument' : conversion from 'double' to 'int', possible loss of data
     1>main.cpp(201): warning C4244: 'initializing' : conversion from 'double' to 'int', possible loss of data
     1>main.cpp(203): warning C4244: 'initializing' : conversion from 'double' to 'int', possible loss of data
     1>main.cpp(204): warning C4244: 'initializing' : conversion from 'double' to 'int', possible loss of data
     1>main.cpp(207): warning C4244: 'argument' : conversion from 'double' to 'int', possible loss of data
     1>main.cpp(209): warning C4244: 'argument' : conversion from 'double' to 'int', possible loss of data
     1>main.cpp(211): warning C4244: 'argument' : conversion from 'double' to 'int', possible loss of data
       Link:
         C:\Program Files (x86)\Microsoft Visual Studio 12.0\VC\bin\x86_amd64\link.exe /ERRORREPORT:PROMPT /OUT:"C:\capstone\Blinkdetect\x64\Debug\Blinkdetect.exe" /INCREMENTAL /NOLOGO /LIBPATH:C:\Ceemple\OpenCV4VS\lib kernel32.lib user32.lib gdi32.lib winspool.lib comdlg32.lib advapi32.lib shell32.lib ole32.lib oleaut32.lib uuid.lib odbc32.lib odbccp32.lib kernel32.lib user32.lib gdi32.lib winspool.lib comdlg32.lib advapi32.lib shell32.lib ole32.lib oleaut32.lib uuid.lib odbc32.lib odbccp32.lib StatTimer.lib clBLAS.lib clFFT.lib opencv_calib3d300d.lib opencv_core300d.lib opencv_cuda300d.lib opencv_cudaarithm300d.lib opencv_cudabgsegm300d.lib opencv_cudacodec300d.lib opencv_cudafeatures2d300d.lib opencv_cudafilters300d.lib opencv_cudaimgproc300d.lib opencv_cudalegacy300d.lib opencv_cudaoptflow300d.lib opencv_cudastereo300d.lib opencv_cudawarping300d.lib opencv_cudev300d.lib opencv_features2d300d.lib opencv_flann300d.lib opencv_highgui300d.lib opencv_imgcodecs300d.lib opencv_imgproc300d.lib opencv_ml300d.lib opencv_objdetect300d.lib opencv_photo300d.lib opencv_shape300d.lib opencv_stitching300d.lib opencv_superres300d.lib opencv_ts300d.lib opencv_video300d.lib opencv_videoio300d.lib opencv_videostab300d.lib opengl32.lib glu32.lib /MANIFEST /MANIFESTUAC:"level='asInvoker' uiAccess='false'" /manifest:embed /DEBUG /PDB:"C:\capstone\Blinkdetect\x64\Debug\Blinkdetect.pdb" /SUBSYSTEM:WINDOWS /TLBID:1 /ENTRY:"mainCRTStartup" /DYNAMICBASE /NXCOMPAT /IMPLIB:"C:\capstone\Blinkdetect\x64\Debug\Blinkdetect.lib" /MACHINE:X64 x64\Debug\findEyeCenter.obj
         x64\Debug\main.obj
         Blinkdetect.vcxproj -> C:\capstone\Blinkdetect\x64\Debug\Blinkdetect.exe
     1>Done Building Project "C:\capstone\Blinkdetect\Blinkdetect\Blinkdetect.vcxproj" (Build target(s)).

Build succeeded.

Time Elapsed 00:00:01.87
